  [1m[36m (59.7ms)[0m  [1mCREATE TABLE "schema_migrations" ("version" character varying NOT NULL) [0m
  [1m[35m (2.6ms)[0m  CREATE UNIQUE INDEX  "unique_schema_migrations" ON "schema_migrations"  ("version")
  [1m[36mActiveRecord::SchemaMigration Load (1.1ms)[0m  [1mSELECT "schema_migrations".* FROM "schema_migrations"[0m
Migrating to CreateQuestions (20150526004846)
  [1m[35m (5.5ms)[0m  BEGIN
  [1m[36m (33.5ms)[0m  [1mCREATE TABLE "questions" ("id" serial primary key, "title" text, "content" text, "created_at" timestamp NOT NULL, "updated_at" timestamp NOT NULL) [0m
  [1m[35mSQL (12.6ms)[0m  INSERT INTO "schema_migrations" ("version") VALUES ($1)  [["version", "20150526004846"]]
  [1m[36m (11.6ms)[0m  [1mCOMMIT[0m
Migrating to CreateAnswers (20150526004932)
  [1m[35m (6.3ms)[0m  BEGIN
  [1m[36m (17.4ms)[0m  [1mCREATE TABLE "answers" ("id" serial primary key, "title" text, "content" text, "question_id" integer, "created_at" timestamp NOT NULL, "updated_at" timestamp NOT NULL) [0m
  [1m[35m (1.7ms)[0m  CREATE  INDEX  "index_answers_on_question_id" ON "answers"  ("question_id")
  [1m[36m (8.5ms)[0m  [1mALTER TABLE "answers" ADD CONSTRAINT "fk_rails_3d5ed4418f"
FOREIGN KEY ("question_id")
  REFERENCES "questions" ("id")
[0m
  [1m[35mSQL (0.5ms)[0m  INSERT INTO "schema_migrations" ("version") VALUES ($1)  [["version", "20150526004932"]]
  [1m[36m (0.6ms)[0m  [1mCOMMIT[0m
  [1m[35mActiveRecord::SchemaMigration Load (0.2ms)[0m  SELECT "schema_migrations".* FROM "schema_migrations"
  [1m[36m (10.9ms)[0m  [1mSELECT t2.oid::regclass::text AS to_table, a1.attname AS column, a2.attname AS primary_key, c.conname AS name, c.confupdtype AS on_update, c.confdeltype AS on_delete
FROM pg_constraint c
JOIN pg_class t1 ON c.conrelid = t1.oid
JOIN pg_class t2 ON c.confrelid = t2.oid
JOIN pg_attribute a1 ON a1.attnum = c.conkey[1] AND a1.attrelid = t1.oid
JOIN pg_attribute a2 ON a2.attnum = c.confkey[1] AND a2.attrelid = t2.oid
JOIN pg_namespace t3 ON c.connamespace = t3.oid
WHERE c.contype = 'f'
  AND t1.relname = 'answers'
  AND t3.nspname = ANY (current_schemas(false))
ORDER BY c.conname
[0m
  [1m[35m (2.5ms)[0m  SELECT t2.oid::regclass::text AS to_table, a1.attname AS column, a2.attname AS primary_key, c.conname AS name, c.confupdtype AS on_update, c.confdeltype AS on_delete
FROM pg_constraint c
JOIN pg_class t1 ON c.conrelid = t1.oid
JOIN pg_class t2 ON c.confrelid = t2.oid
JOIN pg_attribute a1 ON a1.attnum = c.conkey[1] AND a1.attrelid = t1.oid
JOIN pg_attribute a2 ON a2.attnum = c.confkey[1] AND a2.attrelid = t2.oid
JOIN pg_namespace t3 ON c.connamespace = t3.oid
WHERE c.contype = 'f'
  AND t1.relname = 'questions'
  AND t3.nspname = ANY (current_schemas(false))
ORDER BY c.conname

  [1m[36mQuestion Load (0.6ms)[0m  [1mSELECT "questions".* FROM "questions"[0m
  [1m[35mAnswer Load (0.6ms)[0m  SELECT "answers".* FROM "answers"
  [1m[36mActiveRecord::SchemaMigration Load (0.4ms)[0m  [1mSELECT "schema_migrations".* FROM "schema_migrations"[0m
  [1m[36mActiveRecord::SchemaMigration Load (0.4ms)[0m  [1mSELECT "schema_migrations".* FROM "schema_migrations"[0m
  [1m[35m (0.1ms)[0m  BEGIN
  [1m[36mSQL (12.6ms)[0m  [1mINSERT INTO "questions" ("title", "content", "created_at", "updated_at") VALUES ($1, $2, $3, $4) RETURNING "id"[0m  [["title", "1-467-924-2322"], ["content", "If we index the capacitor, we can get to the RSS alarm through the open-source JBOD microchip!"], ["created_at", "2015-05-26 00:53:00.108666"], ["updated_at", "2015-05-26 00:53:00.108666"]]
  [1m[35m (12.8ms)[0m  COMMIT
  [1m[36mQuestion Load (6.4ms)[0m  [1mSELECT "questions".* FROM "questions"[0m
  [1m[35mQuestion Load (0.4ms)[0m  SELECT "questions".* FROM "questions"
  [1m[36m (0.1ms)[0m  [1mBEGIN[0m
  [1m[35mSQL (2.9ms)[0m  DELETE FROM "questions" WHERE "questions"."id" = $1  [["id", 1]]
  [1m[36m (0.6ms)[0m  [1mCOMMIT[0m
  [1m[35mQuestion Load (0.8ms)[0m  SELECT "questions".* FROM "questions"
  [1m[36mAnswer Load (0.4ms)[0m  [1mSELECT "answers".* FROM "answers"[0m
  [1m[36mActiveRecord::SchemaMigration Load (0.5ms)[0m  [1mSELECT "schema_migrations".* FROM "schema_migrations"[0m
  [1m[35m (0.2ms)[0m  BEGIN
  [1m[36mSQL (0.6ms)[0m  [1mINSERT INTO "questions" ("title", "content", "created_at", "updated_at") VALUES ($1, $2, $3, $4) RETURNING "id"[0m  [["title", "951-321-7638"], ["content", "We need to hack the auxiliary SAS microchip!"], ["created_at", "2015-05-26 00:54:08.482142"], ["updated_at", "2015-05-26 00:54:08.482142"]]
  [1m[35m (5.9ms)[0m  COMMIT
  [1m[36m (0.1ms)[0m  [1mBEGIN[0m
  [1m[35mSQL (1.1ms)[0m  INSERT INTO "answers" ("title", "content", "question_id", "created_at", "updated_at") VALUES ($1, $2, $3, $4, $5) RETURNING "id"  [["title", "(998) 947-4912 x800"], ["content", "You can't bypass the hard drive without synthesizing the auxiliary FTP firewall!"], ["question_id", 2], ["created_at", "2015-05-26 00:54:08.527504"], ["updated_at", "2015-05-26 00:54:08.527504"]]
  [1m[36m (6.2ms)[0m  [1mCOMMIT[0m
  [1m[35m (0.1ms)[0m  BEGIN
  [1m[36mSQL (0.5ms)[0m  [1mINSERT INTO "answers" ("title", "content", "question_id", "created_at", "updated_at") VALUES ($1, $2, $3, $4, $5) RETURNING "id"[0m  [["title", "(677) 535-2052 x65934"], ["content", "We need to synthesize the redundant SDD microchip!"], ["question_id", 2], ["created_at", "2015-05-26 00:54:08.540311"], ["updated_at", "2015-05-26 00:54:08.540311"]]
  [1m[35m (6.6ms)[0m  COMMIT
  [1m[36m (0.2ms)[0m  [1mBEGIN[0m
  [1m[35mSQL (0.4ms)[0m  INSERT INTO "answers" ("title", "content", "question_id", "created_at", "updated_at") VALUES ($1, $2, $3, $4, $5) RETURNING "id"  [["title", "138-781-1047 x54664"], ["content", "Use the open-source COM interface, then you can copy the auxiliary pixel!"], ["question_id", 2], ["created_at", "2015-05-26 00:54:08.551968"], ["updated_at", "2015-05-26 00:54:08.551968"]]
  [1m[36m (0.5ms)[0m  [1mCOMMIT[0m
  [1m[35m (0.1ms)[0m  BEGIN
  [1m[36mSQL (0.2ms)[0m  [1mINSERT INTO "questions" ("title", "content", "created_at", "updated_at") VALUES ($1, $2, $3, $4) RETURNING "id"[0m  [["title", "703-776-8506"], ["content", "Use the neural AGP firewall, then you can input the multi-byte pixel!"], ["created_at", "2015-05-26 00:54:08.556378"], ["updated_at", "2015-05-26 00:54:08.556378"]]
  [1m[35m (0.4ms)[0m  COMMIT
  [1m[36m (0.1ms)[0m  [1mBEGIN[0m
  [1m[35mSQL (0.3ms)[0m  INSERT INTO "answers" ("title", "content", "question_id", "created_at", "updated_at") VALUES ($1, $2, $3, $4, $5) RETURNING "id"  [["title", "(444) 458-4259 x37225"], ["content", "If we quantify the panel, we can get to the AGP bandwidth through the online SMS transmitter!"], ["question_id", 3], ["created_at", "2015-05-26 00:54:08.560378"], ["updated_at", "2015-05-26 00:54:08.560378"]]
  [1m[36m (0.4ms)[0m  [1mCOMMIT[0m
  [1m[35m (0.1ms)[0m  BEGIN
  [1m[36mSQL (0.4ms)[0m  [1mINSERT INTO "answers" ("title", "content", "question_id", "created_at", "updated_at") VALUES ($1, $2, $3, $4, $5) RETURNING "id"[0m  [["title", "616-167-1858"], ["content", "The RAM system is down, compress the digital driver so we can program the JBOD program!"], ["question_id", 3], ["created_at", "2015-05-26 00:54:08.563363"], ["updated_at", "2015-05-26 00:54:08.563363"]]
  [1m[35m (0.5ms)[0m  COMMIT
  [1m[36m (0.1ms)[0m  [1mBEGIN[0m
  [1m[35mSQL (0.3ms)[0m  INSERT INTO "answers" ("title", "content", "question_id", "created_at", "updated_at") VALUES ($1, $2, $3, $4, $5) RETURNING "id"  [["title", "(879) 883-5497 x28498"], ["content", "Try to copy the RAM interface, maybe it will hack the neural firewall!"], ["question_id", 3], ["created_at", "2015-05-26 00:54:08.566934"], ["updated_at", "2015-05-26 00:54:08.566934"]]
  [1m[36m (0.4ms)[0m  [1mCOMMIT[0m
  [1m[35m (0.1ms)[0m  BEGIN
  [1m[36mSQL (0.2ms)[0m  [1mINSERT INTO "questions" ("title", "content", "created_at", "updated_at") VALUES ($1, $2, $3, $4) RETURNING "id"[0m  [["title", "803.165.4340 x38162"], ["content", "The COM firewall is down, program the 1080p firewall so we can copy the JSON interface!"], ["created_at", "2015-05-26 00:54:08.570754"], ["updated_at", "2015-05-26 00:54:08.570754"]]
  [1m[35m (0.4ms)[0m  COMMIT
  [1m[36m (0.1ms)[0m  [1mBEGIN[0m
  [1m[35mSQL (0.3ms)[0m  INSERT INTO "answers" ("title", "content", "question_id", "created_at", "updated_at") VALUES ($1, $2, $3, $4, $5) RETURNING "id"  [["title", "325.371.7239"], ["content", "quantifying the bus won't do anything, we need to index the back-end XML program!"], ["question_id", 4], ["created_at", "2015-05-26 00:54:08.574661"], ["updated_at", "2015-05-26 00:54:08.574661"]]
  [1m[36m (0.4ms)[0m  [1mCOMMIT[0m
  [1m[35m (0.1ms)[0m  BEGIN
  [1m[36mSQL (0.2ms)[0m  [1mINSERT INTO "answers" ("title", "content", "question_id", "created_at", "updated_at") VALUES ($1, $2, $3, $4, $5) RETURNING "id"[0m  [["title", "(973) 753-3137 x58700"], ["content", "If we compress the feed, we can get to the SAS matrix through the bluetooth SDD sensor!"], ["question_id", 4], ["created_at", "2015-05-26 00:54:08.578238"], ["updated_at", "2015-05-26 00:54:08.578238"]]
  [1m[35m (0.4ms)[0m  COMMIT
  [1m[36m (0.1ms)[0m  [1mBEGIN[0m
  [1m[35mSQL (0.2ms)[0m  INSERT INTO "answers" ("title", "content", "question_id", "created_at", "updated_at") VALUES ($1, $2, $3, $4, $5) RETURNING "id"  [["title", "(523) 533-4835 x3405"], ["content", "Use the optical SMS driver, then you can program the digital alarm!"], ["question_id", 4], ["created_at", "2015-05-26 00:54:08.581071"], ["updated_at", "2015-05-26 00:54:08.581071"]]
  [1m[36m (0.4ms)[0m  [1mCOMMIT[0m
  [1m[35m (0.1ms)[0m  BEGIN
  [1m[36mSQL (0.2ms)[0m  [1mINSERT INTO "questions" ("title", "content", "created_at", "updated_at") VALUES ($1, $2, $3, $4) RETURNING "id"[0m  [["title", "847-746-2385"], ["content", "If we hack the panel, we can get to the TCP bus through the wireless SMS alarm!"], ["created_at", "2015-05-26 00:54:08.583645"], ["updated_at", "2015-05-26 00:54:08.583645"]]
  [1m[35m (0.4ms)[0m  COMMIT
  [1m[36m (0.1ms)[0m  [1mBEGIN[0m
  [1m[35mSQL (0.3ms)[0m  INSERT INTO "answers" ("title", "content", "question_id", "created_at", "updated_at") VALUES ($1, $2, $3, $4, $5) RETURNING "id"  [["title", "(431) 379-6992"], ["content", "Try to reboot the TCP panel, maybe it will reboot the open-source array!"], ["question_id", 5], ["created_at", "2015-05-26 00:54:08.588001"], ["updated_at", "2015-05-26 00:54:08.588001"]]
  [1m[36m (0.5ms)[0m  [1mCOMMIT[0m
  [1m[35m (0.1ms)[0m  BEGIN
  [1m[36mSQL (0.3ms)[0m  [1mINSERT INTO "answers" ("title", "content", "question_id", "created_at", "updated_at") VALUES ($1, $2, $3, $4, $5) RETURNING "id"[0m  [["title", "1-424-035-0823"], ["content", "Use the digital JBOD sensor, then you can generate the back-end panel!"], ["question_id", 5], ["created_at", "2015-05-26 00:54:08.593107"], ["updated_at", "2015-05-26 00:54:08.593107"]]
  [1m[35m (0.4ms)[0m  COMMIT
  [1m[36m (0.1ms)[0m  [1mBEGIN[0m
  [1m[35mSQL (0.3ms)[0m  INSERT INTO "answers" ("title", "content", "question_id", "created_at", "updated_at") VALUES ($1, $2, $3, $4, $5) RETURNING "id"  [["title", "(308) 787-9451"], ["content", "indexing the program won't do anything, we need to back up the mobile JBOD system!"], ["question_id", 5], ["created_at", "2015-05-26 00:54:08.598251"], ["updated_at", "2015-05-26 00:54:08.598251"]]
  [1m[36m (0.4ms)[0m  [1mCOMMIT[0m
  [1m[35m (0.1ms)[0m  BEGIN
  [1m[36mSQL (0.2ms)[0m  [1mINSERT INTO "questions" ("title", "content", "created_at", "updated_at") VALUES ($1, $2, $3, $4) RETURNING "id"[0m  [["title", "322-360-9761 x7166"], ["content", "The AGP panel is down, compress the bluetooth feed so we can index the SMS hard drive!"], ["created_at", "2015-05-26 00:54:08.601750"], ["updated_at", "2015-05-26 00:54:08.601750"]]
  [1m[35m (0.4ms)[0m  COMMIT
  [1m[36m (0.1ms)[0m  [1mBEGIN[0m
  [1m[35mSQL (0.2ms)[0m  INSERT INTO "answers" ("title", "content", "question_id", "created_at", "updated_at") VALUES ($1, $2, $3, $4, $5) RETURNING "id"  [["title", "846.926.2707 x26442"], ["content", "Use the optical GB driver, then you can compress the wireless sensor!"], ["question_id", 6], ["created_at", "2015-05-26 00:54:08.605571"], ["updated_at", "2015-05-26 00:54:08.605571"]]
  [1m[36m (0.4ms)[0m  [1mCOMMIT[0m
  [1m[35m (0.1ms)[0m  BEGIN
  [1m[36mSQL (0.2ms)[0m  [1mINSERT INTO "answers" ("title", "content", "question_id", "created_at", "updated_at") VALUES ($1, $2, $3, $4, $5) RETURNING "id"[0m  [["title", "(930) 791-0465 x08160"], ["content", "If we hack the monitor, we can get to the CSS card through the optical IB driver!"], ["question_id", 6], ["created_at", "2015-05-26 00:54:08.608585"], ["updated_at", "2015-05-26 00:54:08.608585"]]
  [1m[35m (0.4ms)[0m  COMMIT
  [1m[36m (0.1ms)[0m  [1mBEGIN[0m
  [1m[35mSQL (0.2ms)[0m  INSERT INTO "answers" ("title", "content", "question_id", "created_at", "updated_at") VALUES ($1, $2, $3, $4, $5) RETURNING "id"  [["title", "886-431-7498 x11859"], ["content", "The USB capacitor is down, hack the open-source interface so we can bypass the COM capacitor!"], ["question_id", 6], ["created_at", "2015-05-26 00:54:08.611437"], ["updated_at", "2015-05-26 00:54:08.611437"]]
  [1m[36m (0.4ms)[0m  [1mCOMMIT[0m
  [1m[35m (0.1ms)[0m  BEGIN
  [1m[36mSQL (0.2ms)[0m  [1mINSERT INTO "questions" ("title", "content", "created_at", "updated_at") VALUES ($1, $2, $3, $4) RETURNING "id"[0m  [["title", "(798) 417-4009 x2267"], ["content", "The PNG protocol is down, compress the multi-byte application so we can quantify the SMS matrix!"], ["created_at", "2015-05-26 00:54:08.614070"], ["updated_at", "2015-05-26 00:54:08.614070"]]
  [1m[35m (0.4ms)[0m  COMMIT
  [1m[36m (0.1ms)[0m  [1mBEGIN[0m
  [1m[35mSQL (0.2ms)[0m  INSERT INTO "answers" ("title", "content", "question_id", "created_at", "updated_at") VALUES ($1, $2, $3, $4, $5) RETURNING "id"  [["title", "936-982-2413 x72121"], ["content", "You can't synthesize the sensor without parsing the optical AI array!"], ["question_id", 7], ["created_at", "2015-05-26 00:54:08.617147"], ["updated_at", "2015-05-26 00:54:08.617147"]]
  [1m[36m (0.5ms)[0m  [1mCOMMIT[0m
  [1m[35m (0.1ms)[0m  BEGIN
  [1m[36mSQL (0.3ms)[0m  [1mINSERT INTO "answers" ("title", "content", "question_id", "created_at", "updated_at") VALUES ($1, $2, $3, $4, $5) RETURNING "id"[0m  [["title", "412-232-3243 x51388"], ["content", "We need to calculate the redundant JSON sensor!"], ["question_id", 7], ["created_at", "2015-05-26 00:54:08.620469"], ["updated_at", "2015-05-26 00:54:08.620469"]]
  [1m[35m (0.5ms)[0m  COMMIT
  [1m[36m (0.1ms)[0m  [1mBEGIN[0m
  [1m[35mSQL (0.3ms)[0m  INSERT INTO "answers" ("title", "content", "question_id", "created_at", "updated_at") VALUES ($1, $2, $3, $4, $5) RETURNING "id"  [["title", "(696) 017-9731 x20097"], ["content", "If we override the alarm, we can get to the SMTP port through the multi-byte IB monitor!"], ["question_id", 7], ["created_at", "2015-05-26 00:54:08.624722"], ["updated_at", "2015-05-26 00:54:08.624722"]]
  [1m[36m (0.4ms)[0m  [1mCOMMIT[0m
  [1m[35m (0.1ms)[0m  BEGIN
  [1m[36mSQL (0.2ms)[0m  [1mINSERT INTO "questions" ("title", "content", "created_at", "updated_at") VALUES ($1, $2, $3, $4) RETURNING "id"[0m  [["title", "517.437.7924 x11343"], ["content", "I'll connect the digital CSS program, that should capacitor the SSL bandwidth!"], ["created_at", "2015-05-26 00:54:08.627881"], ["updated_at", "2015-05-26 00:54:08.627881"]]
  [1m[35m (0.4ms)[0m  COMMIT
  [1m[36m (0.2ms)[0m  [1mBEGIN[0m
  [1m[35mSQL (0.3ms)[0m  INSERT INTO "answers" ("title", "content", "question_id", "created_at", "updated_at") VALUES ($1, $2, $3, $4, $5) RETURNING "id"  [["title", "1-396-544-2734"], ["content", "If we quantify the driver, we can get to the USB bus through the wireless AGP matrix!"], ["question_id", 8], ["created_at", "2015-05-26 00:54:08.697157"], ["updated_at", "2015-05-26 00:54:08.697157"]]
  [1m[36m (0.4ms)[0m  [1mCOMMIT[0m
  [1m[35m (0.1ms)[0m  BEGIN
  [1m[36mSQL (0.2ms)[0m  [1mINSERT INTO "answers" ("title", "content", "question_id", "created_at", "updated_at") VALUES ($1, $2, $3, $4, $5) RETURNING "id"[0m  [["title", "(423) 030-0919"], ["content", "We need to input the redundant XSS interface!"], ["question_id", 8], ["created_at", "2015-05-26 00:54:08.701125"], ["updated_at", "2015-05-26 00:54:08.701125"]]
  [1m[35m (0.5ms)[0m  COMMIT
  [1m[36m (0.1ms)[0m  [1mBEGIN[0m
  [1m[35mSQL (0.2ms)[0m  INSERT INTO "answers" ("title", "content", "question_id", "created_at", "updated_at") VALUES ($1, $2, $3, $4, $5) RETURNING "id"  [["title", "926.211.9933"], ["content", "Try to copy the JSON microchip, maybe it will bypass the solid state feed!"], ["question_id", 8], ["created_at", "2015-05-26 00:54:08.704391"], ["updated_at", "2015-05-26 00:54:08.704391"]]
  [1m[36m (0.4ms)[0m  [1mCOMMIT[0m
  [1m[35m (0.1ms)[0m  BEGIN
  [1m[36mSQL (0.2ms)[0m  [1mINSERT INTO "questions" ("title", "content", "created_at", "updated_at") VALUES ($1, $2, $3, $4) RETURNING "id"[0m  [["title", "792.929.1479 x634"], ["content", "Use the neural JSON alarm, then you can quantify the neural hard drive!"], ["created_at", "2015-05-26 00:54:08.707248"], ["updated_at", "2015-05-26 00:54:08.707248"]]
  [1m[35m (0.4ms)[0m  COMMIT
  [1m[36m (0.1ms)[0m  [1mBEGIN[0m
  [1m[35mSQL (0.2ms)[0m  INSERT INTO "answers" ("title", "content", "question_id", "created_at", "updated_at") VALUES ($1, $2, $3, $4, $5) RETURNING "id"  [["title", "1-385-158-8559"], ["content", "You can't override the transmitter without programming the mobile SMTP matrix!"], ["question_id", 9], ["created_at", "2015-05-26 00:54:08.711525"], ["updated_at", "2015-05-26 00:54:08.711525"]]
  [1m[36m (0.4ms)[0m  [1mCOMMIT[0m
  [1m[35m (0.1ms)[0m  BEGIN
  [1m[36mSQL (0.2ms)[0m  [1mINSERT INTO "answers" ("title", "content", "question_id", "created_at", "updated_at") VALUES ($1, $2, $3, $4, $5) RETURNING "id"[0m  [["title", "(543) 074-5547 x158"], ["content", "If we back up the bandwidth, we can get to the RSS capacitor through the mobile COM system!"], ["question_id", 9], ["created_at", "2015-05-26 00:54:08.715557"], ["updated_at", "2015-05-26 00:54:08.715557"]]
  [1m[35m (0.4ms)[0m  COMMIT
  [1m[36m (0.1ms)[0m  [1mBEGIN[0m
  [1m[35mSQL (0.3ms)[0m  INSERT INTO "answers" ("title", "content", "question_id", "created_at", "updated_at") VALUES ($1, $2, $3, $4, $5) RETURNING "id"  [["title", "1-898-217-6228"], ["content", "We need to transmit the virtual GB feed!"], ["question_id", 9], ["created_at", "2015-05-26 00:54:08.719457"], ["updated_at", "2015-05-26 00:54:08.719457"]]
  [1m[36m (0.4ms)[0m  [1mCOMMIT[0m
  [1m[35m (0.1ms)[0m  BEGIN
  [1m[36mSQL (0.3ms)[0m  [1mINSERT INTO "questions" ("title", "content", "created_at", "updated_at") VALUES ($1, $2, $3, $4) RETURNING "id"[0m  [["title", "133.843.3128 x24758"], ["content", "We need to quantify the bluetooth XML alarm!"], ["created_at", "2015-05-26 00:54:08.723975"], ["updated_at", "2015-05-26 00:54:08.723975"]]
  [1m[35m (0.4ms)[0m  COMMIT
  [1m[36m (0.1ms)[0m  [1mBEGIN[0m
  [1m[35mSQL (0.3ms)[0m  INSERT INTO "answers" ("title", "content", "question_id", "created_at", "updated_at") VALUES ($1, $2, $3, $4, $5) RETURNING "id"  [["title", "127.696.2438 x8656"], ["content", "The COM panel is down, parse the solid state capacitor so we can parse the FTP port!"], ["question_id", 10], ["created_at", "2015-05-26 00:54:08.728355"], ["updated_at", "2015-05-26 00:54:08.728355"]]
  [1m[36m (0.5ms)[0m  [1mCOMMIT[0m
  [1m[35m (0.1ms)[0m  BEGIN
  [1m[36mSQL (0.2ms)[0m  [1mINSERT INTO "answers" ("title", "content", "question_id", "created_at", "updated_at") VALUES ($1, $2, $3, $4, $5) RETURNING "id"[0m  [["title", "930-275-3986 x904"], ["content", "Try to bypass the CSS circuit, maybe it will override the redundant bandwidth!"], ["question_id", 10], ["created_at", "2015-05-26 00:54:08.731660"], ["updated_at", "2015-05-26 00:54:08.731660"]]
  [1m[35m (0.4ms)[0m  COMMIT
  [1m[36m (0.1ms)[0m  [1mBEGIN[0m
  [1m[35mSQL (0.2ms)[0m  INSERT INTO "answers" ("title", "content", "question_id", "created_at", "updated_at") VALUES ($1, $2, $3, $4, $5) RETURNING "id"  [["title", "(345) 345-2830 x26174"], ["content", "You can't compress the circuit without synthesizing the wireless SMS alarm!"], ["question_id", 10], ["created_at", "2015-05-26 00:54:08.734683"], ["updated_at", "2015-05-26 00:54:08.734683"]]
  [1m[36m (0.5ms)[0m  [1mCOMMIT[0m
  [1m[35m (0.2ms)[0m  BEGIN
  [1m[36mSQL (0.2ms)[0m  [1mINSERT INTO "questions" ("title", "content", "created_at", "updated_at") VALUES ($1, $2, $3, $4) RETURNING "id"[0m  [["title", "(434) 710-9195"], ["content", "indexing the protocol won't do anything, we need to program the back-end THX array!"], ["created_at", "2015-05-26 00:54:08.737819"], ["updated_at", "2015-05-26 00:54:08.737819"]]
  [1m[35m (0.4ms)[0m  COMMIT
  [1m[36m (0.1ms)[0m  [1mBEGIN[0m
  [1m[35mSQL (0.2ms)[0m  INSERT INTO "answers" ("title", "content", "question_id", "created_at", "updated_at") VALUES ($1, $2, $3, $4, $5) RETURNING "id"  [["title", "396-123-9342"], ["content", "You can't reboot the microchip without navigating the auxiliary IB capacitor!"], ["question_id", 11], ["created_at", "2015-05-26 00:54:08.742054"], ["updated_at", "2015-05-26 00:54:08.742054"]]
  [1m[36m (6.4ms)[0m  [1mCOMMIT[0m
  [1m[35m (0.2ms)[0m  BEGIN
  [1m[36mSQL (0.4ms)[0m  [1mINSERT INTO "answers" ("title", "content", "question_id", "created_at", "updated_at") VALUES ($1, $2, $3, $4, $5) RETURNING "id"[0m  [["title", "1-874-507-8741 x88379"], ["content", "The CSS pixel is down, compress the digital array so we can override the SDD system!"], ["question_id", 11], ["created_at", "2015-05-26 00:54:08.752892"], ["updated_at", "2015-05-26 00:54:08.752892"]]
  [1m[35m (6.0ms)[0m  COMMIT
  [1m[36m (0.1ms)[0m  [1mBEGIN[0m
  [1m[35mSQL (0.2ms)[0m  INSERT INTO "answers" ("title", "content", "question_id", "created_at", "updated_at") VALUES ($1, $2, $3, $4, $5) RETURNING "id"  [["title", "557-824-3816 x4287"], ["content", "You can't navigate the application without programming the mobile SAS driver!"], ["question_id", 11], ["created_at", "2015-05-26 00:54:08.763298"], ["updated_at", "2015-05-26 00:54:08.763298"]]
  [1m[36m (5.2ms)[0m  [1mCOMMIT[0m
  [1m[36mQuestion Load (0.9ms)[0m  [1mSELECT  "questions".* FROM "questions"  ORDER BY "questions"."id" ASC LIMIT 1[0m
  [1m[35mQuestion Load (0.5ms)[0m  SELECT  "questions".* FROM "questions"  ORDER BY "questions"."id" ASC LIMIT 1
  [1m[36mAnswer Load (0.9ms)[0m  [1mSELECT "answers".* FROM "answers" WHERE "answers"."question_id" = $1[0m  [["question_id", 2]]
